#
# There is insufficient memory for the Java Runtime Environment to continue.
# Native memory allocation (mmap) failed to map 266338304 bytes for G1 virtual space
# Possible reasons:
#   The system is out of physical RAM or swap space
#   The process is running with CompressedOops enabled, and the Java Heap may be blocking the growth of the native heap
# Possible solutions:
#   Reduce memory load on the system
#   Increase physical memory or swap space
#   Check if swap backing store is full
#   Decrease Java heap size (-Xmx/-Xms)
#   Decrease number of Java threads
#   Decrease Java thread stack sizes (-Xss)
#   Set larger code cache with -XX:ReservedCodeCacheSize=
#   JVM is running with Zero Based Compressed Oops mode in which the Java heap is
#     placed in the first 32GB address space. The Java Heap base address is the
#     maximum limit for the native heap growth. Please use -XX:HeapBaseMinAddress
#     to set the Java Heap base and to place the Java Heap above 32GB virtual address.
# This output file may be truncated or incomplete.
#
#  Out of Memory Error (os_windows.cpp:3550), pid=15932, tid=11900
#
# JRE version:  (17.0.8+9) (build )
# Java VM: Java HotSpot(TM) 64-Bit Server VM (17.0.8+9-LTS-211, mixed mode, sharing, tiered, compressed oops, compressed class ptrs, g1 gc, windows-amd64)
# No core dump will be written. Minidumps are not enabled by default on client versions of Windows
#

---------------  S U M M A R Y ------------

Command Line: -Dfile.encoding=UTF-8 -XX:+ShowCodeDetailsInExceptionMessages Ju_num

Host: Intel(R) Core(TM) i7-9700 CPU @ 3.00GHz, 8 cores, 15G,  Windows 11 , 64 bit Build 22621 (10.0.22621.2070)
Time: Tue Sep  5 12:16:06 2023  Windows 11 , 64 bit Build 22621 (10.0.22621.2070) elapsed time: 0.009026 seconds (0d 0h 0m 0s)

---------------  T H R E A D  ---------------

Current thread (0x00000161631c7ff0):  JavaThread "Unknown thread" [_thread_in_vm, id=11900, stack(0x00000006adc00000,0x00000006add00000)]

Stack: [0x00000006adc00000,0x00000006add00000]
Native frames: (J=compiled Java code, j=interpreted, Vv=VM code, C=native code)
V  [jvm.dll+0x677d0a]
V  [jvm.dll+0x7d8c54]
V  [jvm.dll+0x7da3fe]
V  [jvm.dll+0x7daa63]
V  [jvm.dll+0x245c5f]
V  [jvm.dll+0x674bb9]
V  [jvm.dll+0x6694f2]
V  [jvm.dll+0x3031d6]
V  [jvm.dll+0x30a756]
V  [jvm.dll+0x359f9e]
V  [jvm.dll+0x35a1cf]
V  [jvm.dll+0x2da3e8]
V  [jvm.dll+0x2db354]
V  [jvm.dll+0x7aa711]
V  [jvm.dll+0x367b51]
V  [jvm.dll+0x789979]
V  [jvm.dll+0x3eb05f]
V  [jvm.dll+0x3ecae1]
C  [jli.dll+0x5297]
C  [ucrtbase.dll+0x29363]
C  [KERNEL32.DLL+0x126ad]
C  [ntdll.dll+0x5aa68]


---------------  P R O C E S S  ---------------

Threads class SMR info:
_java_thread_list=0x00007ff91cfa59d8, length=0, elements={
}

Java Threads: ( => current thread )

Other Threads:
  0x0000016163232890 GCTaskThread "GC Thread#0" [stack: 0x00000006add00000,0x00000006ade00000] [id=13248]
  0x0000016163244470 ConcurrentGCThread "G1 Main Marker" [stack: 0x00000006ade00000,0x00000006adf00000] [id=4208]
  0x0000016163245690 ConcurrentGCThread "G1 Conc#0" [stack: 0x00000006adf00000,0x00000006ae000000] [id=10452]

[error occurred during error reporting (printing all threads), id 0xc0000005, EXCEPTION_ACCESS_VIOLATION (0xc0000005) at pc=0x00007ff91c7db047]

VM state: not at safepoint (not fully initialized)

VM Mutex/Monitor currently owned by a thread:  ([mutex/lock_event])
[0x00000161631c4ce0] Heap_lock - owner thread: 0x00000161631c7ff0

Heap address: 0x0000000702800000, size: 4056 MB, Compressed Oops mode: Zero based, Oop shift amount: 3

CDS archive(s) mapped at: [0x0000000000000000-0x0000000000000000-0x0000000000000000), size 0, SharedBaseAddress: 0x0000000800000000, ArchiveRelocationMode: 1.
Narrow klass base: 0x0000000000000000, Narrow klass shift: 0, Narrow klass range: 0x0

GC Precious Log:
<Empty>

Heap:
 garbage-first heap   total 0K, used 0K [0x0000000702800000, 0x0000000800000000)
  region size 2048K, 0 young (0K), 0 survivors (0K)

[error occurred during error reporting (printing heap information), id 0xc0000005, EXCEPTION_ACCESS_VIOLATION (0xc0000005) at pc=0x00007ff91cbc1499]

GC Heap History (0 events):
No events

Deoptimization events (0 events):
No events

Classes unloaded (0 events):
No events

Classes redefined (0 events):
No events

Internal exceptions (0 events):
No events

VM Operations (0 events):
No events

Events (1 events):
Event: 0.006 Loaded shared library C:\Program Files\Java\jdk-17\bin\java.dll


Dynamic libraries:
0x00007ff6b0f60000 - 0x00007ff6b0f70000 	C:\Program Files\Java\jdk-17\bin\javaw.exe
0x00007ff974eb0000 - 0x00007ff9750c4000 	C:\Windows\SYSTEM32\ntdll.dll
0x00007ff973c20000 - 0x00007ff973ce4000 	C:\Windows\System32\KERNEL32.DLL
0x00007ff972790000 - 0x00007ff972b34000 	C:\Windows\System32\KERNELBASE.dll
0x00007ff972290000 - 0x00007ff9723a1000 	C:\Windows\System32\ucrtbase.dll
0x00007ff96b5b0000 - 0x00007ff96b5cb000 	C:\Program Files\Java\jdk-17\bin\VCRUNTIME140.dll
0x00007ff9654e0000 - 0x00007ff9654f9000 	C:\Program Files\Java\jdk-17\bin\jli.dll
0x00007ff973880000 - 0x00007ff973930000 	C:\Windows\System32\ADVAPI32.dll
0x00007ff9747c0000 - 0x00007ff974867000 	C:\Windows\System32\msvcrt.dll
0x00007ff9737d0000 - 0x00007ff973876000 	C:\Windows\System32\sechost.dll
0x00007ff973640000 - 0x00007ff973757000 	C:\Windows\System32\RPCRT4.dll
0x00007ff973a70000 - 0x00007ff973c1a000 	C:\Windows\System32\USER32.dll
0x00007ff9725c0000 - 0x00007ff9725e6000 	C:\Windows\System32\win32u.dll
0x00007ff973980000 - 0x00007ff9739a9000 	C:\Windows\System32\GDI32.dll
0x00007ff955620000 - 0x00007ff9558af000 	C:\Windows\WinSxS\amd64_microsoft.windows.common-controls_6595b64144ccf1df_6.0.22621.2070_none_2713e6537381f706\COMCTL32.dll
0x00007ff972670000 - 0x00007ff972789000 	C:\Windows\System32\gdi32full.dll
0x00007ff9723b0000 - 0x00007ff97244a000 	C:\Windows\System32\msvcp_win.dll
0x00007ff96bdf0000 - 0x00007ff96bdfa000 	C:\Windows\SYSTEM32\VERSION.dll
0x00007ff9739b0000 - 0x00007ff9739e1000 	C:\Windows\System32\IMM32.DLL
0x00007ff96ae20000 - 0x00007ff96ae2c000 	C:\Program Files\Java\jdk-17\bin\vcruntime140_1.dll
0x00007ff953760000 - 0x00007ff9537ee000 	C:\Program Files\Java\jdk-17\bin\msvcp140.dll
0x00007ff91c4f0000 - 0x00007ff91d0ce000 	C:\Program Files\Java\jdk-17\bin\server\jvm.dll
0x00007ff9737c0000 - 0x00007ff9737c8000 	C:\Windows\System32\PSAPI.DLL
0x00007ff95b880000 - 0x00007ff95b8b4000 	C:\Windows\SYSTEM32\WINMM.dll
0x00007ff96ca90000 - 0x00007ff96ca99000 	C:\Windows\SYSTEM32\WSOCK32.dll
0x00007ff9739f0000 - 0x00007ff973a61000 	C:\Windows\System32\WS2_32.dll
0x00007ff971280000 - 0x00007ff971298000 	C:\Windows\SYSTEM32\kernel.appcore.dll
0x00007ff96ae10000 - 0x00007ff96ae1a000 	C:\Program Files\Java\jdk-17\bin\jimage.dll
0x00007ff959380000 - 0x00007ff9595ae000 	C:\Windows\SYSTEM32\DBGHELP.DLL
0x00007ff9732b0000 - 0x00007ff97363a000 	C:\Windows\System32\combase.dll
0x00007ff974d90000 - 0x00007ff974e67000 	C:\Windows\System32\OLEAUT32.dll
0x00007ff958cd0000 - 0x00007ff958d02000 	C:\Windows\SYSTEM32\dbgcore.DLL
0x00007ff9725f0000 - 0x00007ff97266a000 	C:\Windows\System32\bcryptPrimitives.dll
0x00007ff968110000 - 0x00007ff968135000 	C:\Program Files\Java\jdk-17\bin\java.dll

dbghelp: loaded successfully - version: 4.0.5 - missing functions: none
symbol engine: initialized successfully - sym options: 0x614 - pdb path: .;C:\Program Files\Java\jdk-17\bin;C:\Windows\SYSTEM32;C:\Windows\WinSxS\amd64_microsoft.windows.common-controls_6595b64144ccf1df_6.0.22621.2070_none_2713e6537381f706;C:\Program Files\Java\jdk-17\bin\server

VM Arguments:
jvm_args: -Dfile.encoding=UTF-8 -XX:+ShowCodeDetailsInExceptionMessages 
java_command: Ju_num
java_class_path (initial): D:\naver0829\workstudy\javawork\naverjavaproject\bin
Launcher Type: SUN_STANDARD

[Global flags]
     intx CICompilerCount                          = 4                                         {product} {ergonomic}
     uint ConcGCThreads                            = 2                                         {product} {ergonomic}
     uint G1ConcRefinementThreads                  = 8                                         {product} {ergonomic}
   size_t G1HeapRegionSize                         = 2097152                                   {product} {ergonomic}
    uintx GCDrainStackTargetSize                   = 64                                        {product} {ergonomic}
   size_t InitialHeapSize                          = 266338304                                 {product} {ergonomic}
   size_t MarkStackSize                            = 4194304                                   {product} {ergonomic}
   size_t MaxHeapSize                              = 4253024256                                {product} {ergonomic}
   size_t MinHeapDeltaBytes                        = 2097152                                   {product} {ergonomic}
   size_t MinHeapSize                              = 8388608                                   {product} {ergonomic}
    uintx NonNMethodCodeHeapSize                   = 5839372                                {pd product} {ergonomic}
    uintx NonProfiledCodeHeapSize                  = 122909434                              {pd product} {ergonomic}
    uintx ProfiledCodeHeapSize                     = 122909434                              {pd product} {ergonomic}
    uintx ReservedCodeCacheSize                    = 251658240                              {pd product} {ergonomic}
     bool SegmentedCodeCache                       = true                                      {product} {ergonomic}
     bool ShowCodeDetailsInExceptionMessages       = true                                   {manageable} {command line}
   size_t SoftMaxHeapSize                          = 4253024256                             {manageable} {ergonomic}
     bool UseCompressedClassPointers               = true                           {product lp64_product} {ergonomic}
     bool UseCompressedOops                        = true                           {product lp64_product} {ergonomic}
     bool UseG1GC                                  = true                                      {product} {ergonomic}
     bool UseLargePagesIndividualAllocation        = false                                  {pd product} {ergonomic}

Logging:
Log output configuration:
 #0: stdout all=warning uptime,level,tags
 #1: stderr all=off uptime,level,tags

Environment Variables:
PATH=C:/Program Files/Java/jdk-17/bin/server;C:/Program Files/Java/jdk-17/bin;C:\Program Files\Common Files\Oracle\Java\javapath;C:\Windows\system32;C:\Windows;C:\Windows\System32\Wbem;C:\Windows\System32\WindowsPowerShell\v1.0\;C:\Windows\System32\OpenSSH\;C:\Program Files\Git\cmd;C:\Users\bitcamp\AppData\Local\Microsoft\WindowsApps;;C:\Users\bitcamp\AppData\Local\Programs\Microsoft VS Code\bin;C:\Windows\System32;
USERNAME=bitcamp
OS=Windows_NT
PROCESSOR_IDENTIFIER=Intel64 Family 6 Model 158 Stepping 13, GenuineIntel



---------------  S Y S T E M  ---------------

OS:
 Windows 11 , 64 bit Build 22621 (10.0.22621.2070)
OS uptime: 21 days 14:19 hours

CPU: total 8 (initial active 8) (8 cores per cpu, 1 threads per core) family 6 model 158 stepping 13 microcode 0xec, cx8, cmov, fxsr, mmx, 3dnowpref, sse, sse2, sse3, ssse3, sse4.1, sse4.2, popcnt, lzcnt, tsc, tscinvbit, avx, avx2, aes, erms, clmul, bmi1, bmi2, adx, fma, vzeroupper, clflush, clflushopt

Memory: 4k page, system-wide physical 16222M (3809M free)
TotalPageFile size 46624M (AvailPageFile size 240M)
current process WorkingSet (physical memory assigned to process): 11M, peak: 11M
current process commit charge ("private bytes"): 60M, peak: 314M

vm_info: Java HotSpot(TM) 64-Bit Server VM (17.0.8+9-LTS-211) for windows-amd64 JRE (17.0.8+9-LTS-211), built on Jun 14 2023 10:34:31 by "mach5one" with MS VC++ 17.1 (VS2022)

END.
